<?xml version="1.0" encoding="UTF-8"?>
<robot generator="Robot 7.4 (Python 3.13.0 on win32)" generated="2026-01-23T23:25:10.600469" rpa="false" schemaversion="5">
<suite id="s1" name="RobotFrameWorkAutomation" source="D:\PycharmProjectFromC\RobotFrameWorkAutomation">
<suite id="s1-s1" name="AllTestCase" source="D:\PycharmProjectFromC\RobotFrameWorkAutomation\AllTestCase">
<suite id="s1-s1-s1" name="TC012 REST PUT REQUEST" source="D:\PycharmProjectFromC\RobotFrameWorkAutomation\AllTestCase\TC012_REST_PUT_REQUEST.robot">
<test id="s1-s1-s1-t1" name="Update_Resource_Using_PUT_Request" line="12">
<kw name="Create Session" owner="RequestsLibrary">
<msg time="2026-01-23T23:25:10.929713" level="INFO">Creating Session using : alias=my_session, url=https://jsonplaceholder.typicode.com/, headers={},                     cookies={}, auth=None, timeout=None, proxies=None, verify=False,                     debug=0 </msg>
<arg>my_session</arg>
<arg>${base_url}</arg>
<doc>Create Session: create a HTTP session to a server</doc>
<status status="PASS" start="2026-01-23T23:25:10.929280" elapsed="0.000793"/>
</kw>
<kw name="Create Dictionary" owner="BuiltIn">
<msg time="2026-01-23T23:25:10.932526" level="INFO">${body} = {'title': 'Updated Title', 'body': 'Updated Body', 'userId': '1', 'id': '1'}</msg>
<var>${body}</var>
<arg>title=Updated Title</arg>
<arg>body=Updated Body</arg>
<arg>userId=1</arg>
<arg>id=1</arg>
<doc>Creates and returns a dictionary based on the given ``items``.</doc>
<status status="PASS" start="2026-01-23T23:25:10.930972" elapsed="0.001841"/>
</kw>
<kw name="PUT On Session" owner="RequestsLibrary">
<msg time="2026-01-23T23:25:11.439592" level="INFO">PUT Request : url=https://jsonplaceholder.typicode.com/posts/1 
 path_url=/posts/1 
 headers={'User-Agent': 'python-requests/2.32.5', 'Accept-Encoding': 'gzip, deflate', 'Accept': '*/*', 'Connection': 'keep-alive', 'Content-Length': '76', 'Content-Type': 'application/json'} 
 body=b'{"title": "Updated Title", "body": "Updated Body", "userId": "1", "id": "1"}' 
 </msg>
<msg time="2026-01-23T23:25:11.439974" level="INFO">PUT Response : url=https://jsonplaceholder.typicode.com/posts/1 
 status=200, reason=OK 
 headers={'Date': 'Fri, 23 Jan 2026 17:55:12 GMT', 'Content-Type': 'application/json; charset=utf-8', 'Transfer-Encoding': 'chunked', 'Connection': 'keep-alive', 'access-control-allow-credentials': 'true', 'Cache-Control': 'no-cache', 'etag': 'W/"54-1biZA5hCvDrdXgoBMjZRp9n/Zuc"', 'expires': '-1', 'nel': '{"report_to":"heroku-nel","response_headers":["Via"],"max_age":3600,"success_fraction":0.01,"failure_fraction":0.1}', 'pragma': 'no-cache', 'report-to': '{"group":"heroku-nel","endpoints":[{"url":"https://nel.heroku.com/reports?s=yvuvdMCRiWfsOkrXZ4i%2F4MnFDFQ1VfCIneyvN300nT8%3D\\u0026sid=e11707d5-02a7-43ef-b45e-2cf4d2036f7d\\u0026ts=1769190912"}],"max_age":3600}', 'reporting-endpoints': 'heroku-nel="https://nel.heroku.com/reports?s=yvuvdMCRiWfsOkrXZ4i%2F4MnFDFQ1VfCIneyvN300nT8%3D&amp;sid=e11707d5-02a7-43ef-b45e-2cf4d2036f7d&amp;ts=1769190912"', 'Server': 'cloudflare', 'vary': 'Origin, Accept-Encoding', 'via': '2.0 heroku-router', 'x-content-type-options': 'nosniff', 'x-powered-by': 'Express', 'x-ratelimit-limit': '1000', 'x-ratelimit-remaining': '999', 'x-ratelimit-reset': '1769190930', 'cf-cache-status': 'DYNAMIC', 'Content-Encoding': 'gzip', 'CF-RAY': '9c2929208c83ff8f-SIN', 'alt-svc': 'h3=":443"; ma=86400'} 
 body={
  "title": "Updated Title",
  "body": "Updated Body",
  "userId": "1",
  "id": 1
} 
 </msg>
<msg time="2026-01-23T23:25:11.440222" level="INFO">C:\Users\Dell\AppData\Local\Programs\Python\Python313\Lib\site-packages\urllib3\connectionpool.py:1097: InsecureRequestWarning: Unverified HTTPS request is being made to host 'jsonplaceholder.typicode.com'. Adding certificate verification is strongly advised. See: https://urllib3.readthedocs.io/en/latest/advanced-usage.html#tls-warnings
  warnings.warn(</msg>
<msg time="2026-01-23T23:25:11.441001" level="INFO">${response} = &lt;Response [200]&gt;</msg>
<var>${response}</var>
<arg>my_session</arg>
<arg>${end_point}</arg>
<arg>json=${body}</arg>
<doc>Sends a PUT request on a previously created HTTP Session.</doc>
<status status="PASS" start="2026-01-23T23:25:10.933516" elapsed="0.507672"/>
</kw>
<kw name="Log To Console" owner="BuiltIn">
<arg>${response.status_code}</arg>
<doc>Logs the given message to the console.</doc>
<status status="PASS" start="2026-01-23T23:25:11.441866" elapsed="0.002059"/>
</kw>
<kw name="Log To Console" owner="BuiltIn">
<arg>${response.json()}</arg>
<doc>Logs the given message to the console.</doc>
<status status="PASS" start="2026-01-23T23:25:11.444450" elapsed="0.001214"/>
</kw>
<kw name="Should Be Equal As Numbers" owner="BuiltIn">
<msg time="2026-01-23T23:25:11.447573" level="INFO">Argument types are:
&lt;class 'int'&gt;
&lt;class 'str'&gt;</msg>
<arg>${response.status_code}</arg>
<arg>200</arg>
<doc>Fails if objects are unequal after converting them to real numbers.</doc>
<status status="PASS" start="2026-01-23T23:25:11.446291" elapsed="0.001581"/>
</kw>
<status status="PASS" start="2026-01-23T23:25:10.924322" elapsed="0.524102"/>
</test>
<status status="PASS" start="2026-01-23T23:25:10.680417" elapsed="0.774256"/>
</suite>
<status status="PASS" start="2026-01-23T23:25:10.660901" elapsed="0.808649"/>
</suite>
<status status="PASS" start="2026-01-23T23:25:10.606493" elapsed="0.903315"/>
</suite>
<statistics>
<total>
<stat pass="1" fail="0" skip="0">All Tests</stat>
</total>
<tag>
</tag>
<suite>
<stat name="RobotFrameWorkAutomation" id="s1" pass="1" fail="0" skip="0">RobotFrameWorkAutomation</stat>
<stat name="AllTestCase" id="s1-s1" pass="1" fail="0" skip="0">RobotFrameWorkAutomation.AllTestCase</stat>
<stat name="TC012 REST PUT REQUEST" id="s1-s1-s1" pass="1" fail="0" skip="0">RobotFrameWorkAutomation.AllTestCase.TC012 REST PUT REQUEST</stat>
</suite>
</statistics>
<errors>
</errors>
</robot>
